#
# There is insufficient memory for the Java Runtime Environment to continue.
# Native memory allocation (malloc) failed to allocate 821616 bytes for Chunk::new
# Possible reasons:
#   The system is out of physical RAM or swap space
#   In 32 bit mode, the process size limit was hit
# Possible solutions:
#   Reduce memory load on the system
#   Increase physical memory or swap space
#   Check if swap backing store is full
#   Use 64 bit Java on a 64 bit OS
#   Decrease Java heap size (-Xmx/-Xms)
#   Decrease number of Java threads
#   Decrease Java thread stack sizes (-Xss)
#   Set larger code cache with -XX:ReservedCodeCacheSize=
# This output file may be truncated or incomplete.
#
#  Out of Memory Error (allocation.cpp:390), pid=3444, tid=0x0000000000002efc
#
# JRE version: OpenJDK Runtime Environment (8.0_76-b03) (build 1.8.0_76-release-b03)
# Java VM: OpenJDK 64-Bit Server VM (25.76-b03 mixed mode windows-amd64 compressed oops)
# Failed to write core dump. Minidumps are not enabled by default on client versions of Windows
#

---------------  T H R E A D  ---------------

Current thread (0x000000000604a000):  JavaThread "C2 CompilerThread0" daemon [_thread_in_native, id=12028, stack(0x0000000007550000,0x0000000007650000)]

Stack: [0x0000000007550000,0x0000000007650000]
[error occurred during error reporting (printing stack bounds), id 0xc0000005]

Native frames: (J=compiled Java code, j=interpreted, Vv=VM code, C=native code)


Current CompileTask:
C2:   6566 1590   !   4       com.android.dx.cf.cst.ConstantPoolParser::parse0 (731 bytes)


---------------  P R O C E S S  ---------------

Java Threads: ( => current thread )
  0x00000000078e2000 JavaThread "pool-2-thread-4" [_thread_blocked, id=12888, stack(0x0000000008250000,0x0000000008350000)]
  0x00000000078da000 JavaThread "pool-2-thread-3" [_thread_in_Java, id=10056, stack(0x0000000008150000,0x0000000008250000)]
  0x00000000078d9800 JavaThread "pool-2-thread-2" [_thread_blocked, id=17612, stack(0x0000000008050000,0x0000000008150000)]
  0x00000000078e1000 JavaThread "pool-3-thread-1" [_thread_blocked, id=13232, stack(0x0000000007f50000,0x0000000008050000)]
  0x00000000078de000 JavaThread "pool-2-thread-1" [_thread_blocked, id=4164, stack(0x0000000007e50000,0x0000000007f50000)]
  0x00000000076d0000 JavaThread "Service Thread" daemon [_thread_blocked, id=14556, stack(0x0000000007c50000,0x0000000007d50000)]
  0x0000000007670000 JavaThread "C1 CompilerThread2" daemon [_thread_blocked, id=11612, stack(0x0000000007b50000,0x0000000007c50000)]
  0x000000000604c800 JavaThread "C2 CompilerThread1" daemon [_thread_in_native, id=15052, stack(0x0000000007a50000,0x0000000007b50000)]
=>0x000000000604a000 JavaThread "C2 CompilerThread0" daemon [_thread_in_native, id=12028, stack(0x0000000007550000,0x0000000007650000)]
  0x0000000006047800 JavaThread "Attach Listener" daemon [_thread_blocked, id=808, stack(0x0000000007450000,0x0000000007550000)]
  0x0000000005ffd000 JavaThread "Signal Dispatcher" daemon [_thread_blocked, id=8000, stack(0x0000000007350000,0x0000000007450000)]
  0x0000000005fd8800 JavaThread "Finalizer" daemon [_thread_blocked, id=10680, stack(0x0000000007250000,0x0000000007350000)]
  0x000000000290f000 JavaThread "Reference Handler" daemon [_thread_blocked, id=8436, stack(0x0000000007150000,0x0000000007250000)]
  0x0000000002820800 JavaThread "main" [_thread_blocked, id=10636, stack(0x0000000002690000,0x0000000002790000)]

Other Threads:
  0x0000000005fb5000 VMThread [stack: 0x0000000007050000,0x0000000007150000] [id=10348]
  0x00000000076d1000 WatcherThread [stack: 0x0000000007d50000,0x0000000007e50000] [id=9980]

VM state:not at safepoint (normal execution)

VM Mutex/Monitor currently owned by a thread: None

Heap:
 PSYoungGen      total 68608K, used 17724K [0x00000000eab00000, 0x00000000ef300000, 0x0000000100000000)
  eden space 63488K, 19% used [0x00000000eab00000,0x00000000eb752668,0x00000000ee900000)
  from space 5120K, 99% used [0x00000000eee00000,0x00000000ef2fcad8,0x00000000ef300000)
  to   space 5120K, 0% used [0x00000000ee900000,0x00000000ee900000,0x00000000eee00000)
 ParOldGen       total 84992K, used 6472K [0x00000000c0000000, 0x00000000c5300000, 0x00000000eab00000)
  object space 84992K, 7% used [0x00000000c0000000,0x00000000c0652168,0x00000000c5300000)
 Metaspace       used 6143K, capacity 7088K, committed 7296K, reserved 1056768K
  class space    used 569K, capacity 616K, committed 640K, reserved 1048576K

Card table byte_map: [0x0000000002ce0000,0x0000000002ef0000] byte_map_base: 0x00000000026e0000

Marking Bits: (ParMarkBitMap*) 0x0000000062249d00
 Begin Bits: [0x0000000003450000, 0x0000000004450000)
 End Bits:   [0x0000000004450000, 0x0000000005450000)

Polling page: 0x0000000000a50000

CodeCache: size=245760Kb used=6831Kb max_used=6831Kb free=238928Kb
 bounds [0x000000000f010000, 0x000000000f6c0000, 0x000000001e010000]
 total_blobs=1905 nmethods=1631 adapters=187
 compilation: enabled

Compilation events (10 events):
Event: 6.557 Thread 0x0000000007670000 1651   !   2       java.lang.Class::getEnumConstantsShared (73 bytes)
Event: 6.558 Thread 0x0000000007670000 nmethod 1651 0x000000000f6bc3d0 code [0x000000000f6bc580, 0x000000000f6bca28]
Event: 6.558 Thread 0x0000000007670000 1652       2       java.util.RegularEnumSet::addAll (23 bytes)
Event: 6.558 Thread 0x0000000007670000 nmethod 1652 0x000000000f6bccd0 code [0x000000000f6bce20, 0x000000000f6bcf90]
Event: 6.558 Thread 0x0000000007670000 1653       2       com.android.dx.ssa.Optimizer::optimize (67 bytes)
Event: 6.559 Thread 0x0000000007670000 nmethod 1653 0x000000000f6bd050 code [0x000000000f6bd200, 0x000000000f6bd5f8]
Event: 6.559 Thread 0x0000000007670000 1654       2       com.android.dx.rop.code.LocalVariableInfo::<init> (82 bytes)
Event: 6.560 Thread 0x0000000007670000 nmethod 1654 0x000000000f6bd910 code [0x000000000f6bdae0, 0x000000000f6be088]
Event: 6.560 Thread 0x0000000007670000 1655       2       com.android.dx.dex.code.RopTranslator::<init> (190 bytes)
Event: 6.561 Thread 0x0000000007670000 nmethod 1655 0x000000000f6be390 code [0x000000000f6be560, 0x000000000f6becd8]

GC Heap History (4 events):
Event: 4.995 GC heap before
{Heap before GC invocations=1 (full 0):
 PSYoungGen      total 36864K, used 31744K [0x00000000eab00000, 0x00000000ed400000, 0x0000000100000000)
  eden space 31744K, 100% used [0x00000000eab00000,0x00000000eca00000,0x00000000eca00000)
  from space 5120K, 0% used [0x00000000ecf00000,0x00000000ecf00000,0x00000000ed400000)
  to   space 5120K, 0% used [0x00000000eca00000,0x00000000eca00000,0x00000000ecf00000)
 ParOldGen       total 84992K, used 0K [0x00000000c0000000, 0x00000000c5300000, 0x00000000eab00000)
  object space 84992K, 0% used [0x00000000c0000000,0x00000000c0000000,0x00000000c5300000)
 Metaspace       used 5916K, capacity 6896K, committed 7040K, reserved 1056768K
  class space    used 567K, capacity 616K, committed 640K, reserved 1048576K
Event: 5.065 GC heap after
Heap after GC invocations=1 (full 0):
 PSYoungGen      total 36864K, used 5119K [0x00000000eab00000, 0x00000000ef300000, 0x0000000100000000)
  eden space 31744K, 0% used [0x00000000eab00000,0x00000000eab00000,0x00000000eca00000)
  from space 5120K, 99% used [0x00000000eca00000,0x00000000eceffca8,0x00000000ecf00000)
  to   space 5120K, 0% used [0x00000000eee00000,0x00000000eee00000,0x00000000ef300000)
 ParOldGen       total 84992K, used 1906K [0x00000000c0000000, 0x00000000c5300000, 0x00000000eab00000)
  object space 84992K, 2% used [0x00000000c0000000,0x00000000c01dcab8,0x00000000c5300000)
 Metaspace       used 5916K, capacity 6896K, committed 7040K, reserved 1056768K
  class space    used 567K, capacity 616K, committed 640K, reserved 1048576K
}
Event: 5.970 GC heap before
{Heap before GC invocations=2 (full 0):
 PSYoungGen      total 36864K, used 36863K [0x00000000eab00000, 0x00000000ef300000, 0x0000000100000000)
  eden space 31744K, 100% used [0x00000000eab00000,0x00000000eca00000,0x00000000eca00000)
  from space 5120K, 99% used [0x00000000eca00000,0x00000000eceffca8,0x00000000ecf00000)
  to   space 5120K, 0% used [0x00000000eee00000,0x00000000eee00000,0x00000000ef300000)
 ParOldGen       total 84992K, used 1906K [0x00000000c0000000, 0x00000000c5300000, 0x00000000eab00000)
  object space 84992K, 2% used [0x00000000c0000000,0x00000000c01dcab8,0x00000000c5300000)
 Metaspace       used 6107K, capacity 7088K, committed 7296K, reserved 1056768K
  class space    used 569K, capacity 616K, committed 640K, reserved 1048576K
Event: 5.985 GC heap after
Heap after GC invocations=2 (full 0):
 PSYoungGen      total 68608K, used 5106K [0x00000000eab00000, 0x00000000ef300000, 0x0000000100000000)
  eden space 63488K, 0% used [0x00000000eab00000,0x00000000eab00000,0x00000000ee900000)
  from space 5120K, 99% used [0x00000000eee00000,0x00000000ef2fcad8,0x00000000ef300000)
  to   space 5120K, 0% used [0x00000000ee900000,0x00000000ee900000,0x00000000eee00000)
 ParOldGen       total 84992K, used 6472K [0x00000000c0000000, 0x00000000c5300000, 0x00000000eab00000)
  object space 84992K, 7% used [0x00000000c0000000,0x00000000c0652168,0x00000000c5300000)
 Metaspace       used 6107K, capacity 7088K, committed 7296K, reserved 1056768K
  class space    used 569K, capacity 616K, committed 640K, reserved 1048576K
}

Deoptimization events (10 events):
Event: 4.665 Thread 0x00000000078de000 Uncommon trap: reason=class_check action=maybe_recompile pc=0x000000000f281fb0 method=com.android.dx.ssa.NormalSsaInsn.accept(Lcom/android/dx/ssa/SsaInsn$Visitor;)V @ 9
Event: 4.710 Thread 0x00000000078d9800 Uncommon trap: reason=class_check action=maybe_recompile pc=0x000000000f354108 method=com.android.dx.ssa.NormalSsaInsn.accept(Lcom/android/dx/ssa/SsaInsn$Visitor;)V @ 9
Event: 4.976 Thread 0x00000000078d9800 Uncommon trap: reason=null_check action=make_not_entrant pc=0x000000000f466020 method=com.android.dx.ssa.SsaRenamer.getLocalForNewReg(I)Lcom/android/dx/rop/code/LocalItem; @ 19
Event: 5.191 Thread 0x00000000078e2000 Uncommon trap: reason=null_check action=make_not_entrant pc=0x000000000f45b2e0 method=com.android.dx.rop.type.Type.equals(Ljava/lang/Object;)Z @ 8
Event: 5.230 Thread 0x00000000078da000 Uncommon trap: reason=null_check action=make_not_entrant pc=0x000000000f42a114 method=com.android.dx.ssa.SsaRenamer.getLocalForNewReg(I)Lcom/android/dx/rop/code/LocalItem; @ 19
Event: 5.666 Thread 0x00000000078d9800 Uncommon trap: reason=bimorphic action=maybe_recompile pc=0x000000000f584c64 method=com.android.dx.cf.code.BytecodeArray.parseInstruction(ILcom/android/dx/cf/code/BytecodeArray$Visitor;)I @ 2281
Event: 5.666 Thread 0x00000000078d9800 Uncommon trap: reason=bimorphic action=maybe_recompile pc=0x000000000f584c64 method=com.android.dx.cf.code.BytecodeArray.parseInstruction(ILcom/android/dx/cf/code/BytecodeArray$Visitor;)I @ 2281
Event: 6.067 Thread 0x00000000078da000 Uncommon trap: reason=unstable_if action=reinterpret pc=0x000000000f631da4 method=com.android.dx.ssa.SCCP.simulateStmt(Lcom/android/dx/ssa/SsaInsn;)V @ 53
Event: 6.078 Thread 0x00000000078da000 Uncommon trap: reason=unstable_if action=reinterpret pc=0x000000000f62446c method=com.android.dx.rop.code.RegisterSpec.equals(ILcom/android/dx/rop/type/TypeBearer;Lcom/android/dx/rop/code/LocalItem;)Z @ 42
Event: 6.078 Thread 0x00000000078da000 Uncommon trap: reason=unstable_if action=reinterpret pc=0x000000000f325d18 method=com.android.dx.rop.code.RegisterSpec.equals(ILcom/android/dx/rop/type/TypeBearer;Lcom/android/dx/rop/code/LocalItem;)Z @ 42

Internal exceptions (5 events):
Event: 0.196 Thread 0x0000000002820800 Exception <a 'java/lang/NoSuchMethodError': Method sun.misc.Unsafe.defineClass(Ljava/lang/String;[BII)Ljava/lang/Class; name or signature does not match> (0x00000000eab07cc0) thrown at [C:\src\android\AOSP-openjdk\external\jetbrains\jdk\hotspot\src\share\v:ﬂAù%…?
Event: 0.196 Thread 0x0000000002820800 Exception <a 'java/lang/NoSuchMethodError': Method sun.misc.Unsafe.prefetchRead(Ljava/lang/Object;J)V name or signature does not match> (0x00000000eab07fa8) thrown at [C:\src\android\AOSP-openjdk\external\jetbrains\jdk\hotspot\src\share\vm\prims\jni.cpp, lÍ“√Á@
Event: 4.976 Thread 0x00000000078d9800 Implicit null exception at 0x000000000f4648fe to 0x000000000f465fd5
Event: 5.191 Thread 0x00000000078e2000 Implicit null exception at 0x000000000f45b1e2 to 0x000000000f45b2d2
Event: 5.230 Thread 0x00000000078da000 Implicit null exception at 0x000000000f428c43 to 0x000000000f42a0e1

Events (10 events):
Event: 6.067 Thread 0x00000000078da000 DEOPT PACKING pc=0x000000000f631da4 sp=0x000000000824e940
Event: 6.067 Thread 0x00000000078da000 DEOPT UNPACKING pc=0x000000000f05556a sp=0x000000000824e928 mode 2
Event: 6.078 Thread 0x00000000078da000 DEOPT PACKING pc=0x000000000f3452b5 sp=0x000000000824ea80
Event: 6.078 Thread 0x00000000078da000 DEOPT UNPACKING pc=0x000000000f0575bf sp=0x000000000824e760 mode 0
Event: 6.078 Thread 0x00000000078da000 Uncommon trap: trap_request=0xffffff65 fr.pc=0x000000000f62446c
Event: 6.078 Thread 0x00000000078da000 DEOPT PACKING pc=0x000000000f62446c sp=0x000000000824ea50
Event: 6.078 Thread 0x00000000078da000 DEOPT UNPACKING pc=0x000000000f05556a sp=0x000000000824e958 mode 2
Event: 6.078 Thread 0x00000000078da000 Uncommon trap: trap_request=0xffffff65 fr.pc=0x000000000f325d18
Event: 6.078 Thread 0x00000000078da000 DEOPT PACKING pc=0x000000000f325d18 sp=0x000000000824e9c0
Event: 6.078 Thread 0x00000000078da000 DEOPT UNPACKING pc=0x000000000f05556a sp=0x000000000824e948 mode 2


Dynamic libraries:
0x00007ff660a90000 - 0x00007ff660ac1000 	D:\android\Android_Studio\jre\bin\java.exe
0x00007ffef27b0000 - 0x00007ffef2971000 	C:\WINDOWS\SYSTEM32\ntdll.dll
0x00007ffef22e0000 - 0x00007ffef238d000 	C:\WINDOWS\system32\KERNEL32.DLL
0x00007ffeef060000 - 0x00007ffeef248000 	C:\WINDOWS\system32\KERNELBASE.dll
0x0000000064100000 - 0x0000000064189000 	C:\WINDOWS\System32\SYSFER.DLL
0x00007ffef18a0000 - 0x00007ffef1947000 	C:\WINDOWS\system32\ADVAPI32.dll
0x00007ffef2010000 - 0x00007ffef20ad000 	C:\WINDOWS\system32\msvcrt.dll
0x00007ffef1aa0000 - 0x00007ffef1afb000 	C:\WINDOWS\system32\sechost.dll
0x00007ffeefd10000 - 0x00007ffeefe2c000 	C:\WINDOWS\system32\RPCRT4.dll
0x00007ffeefbb0000 - 0x00007ffeefd06000 	C:\WINDOWS\system32\USER32.dll
0x00007ffef1b30000 - 0x00007ffef1cb6000 	C:\WINDOWS\system32\GDI32.dll
0x00007ffee8700000 - 0x00007ffee8974000 	C:\WINDOWS\WinSxS\amd64_microsoft.windows.common-controls_6595b64144ccf1df_6.0.10586.672_none_a2d6b3cea53ff843\COMCTL32.dll
0x00007ffef2530000 - 0x00007ffef27ad000 	C:\WINDOWS\system32\combase.dll
0x00007ffeeeff0000 - 0x00007ffeef05a000 	C:\WINDOWS\system32\bcryptPrimitives.dll
0x00007ffef1cc0000 - 0x00007ffef1cfb000 	C:\WINDOWS\system32\IMM32.DLL
0x0000000180000000 - 0x00000001800d0000 	C:\WINDOWS\LVUAAgentInstBaseRoot\system32\Vozokopot.dll
0x00007ffeeca20000 - 0x00007ffeeca43000 	C:\WINDOWS\LVUAAgentInstBaseRoot\system32\MozartBreathFw.dll
0x00007ffeec720000 - 0x00007ffeeca1d000 	C:\WINDOWS\LVUAAgentInstBaseRoot\system32\MozartBreathCore.dll
0x00007ffef21d0000 - 0x00007ffef22db000 	C:\WINDOWS\system32\COMDLG32.dll
0x00007ffeeef30000 - 0x00007ffeeefe5000 	C:\WINDOWS\system32\shcore.dll
0x00007ffef2160000 - 0x00007ffef21b2000 	C:\WINDOWS\system32\SHLWAPI.dll
0x00007ffef02d0000 - 0x00007ffef182c000 	C:\WINDOWS\system32\SHELL32.dll
0x00007ffeeeee0000 - 0x00007ffeeef23000 	C:\WINDOWS\system32\cfgmgr32.dll
0x00007ffeef560000 - 0x00007ffeefba5000 	C:\WINDOWS\system32\windows.storage.dll
0x00007ffeeee00000 - 0x00007ffeeee0f000 	C:\WINDOWS\system32\kernel.appcore.dll
0x00007ffeeee10000 - 0x00007ffeeee5b000 	C:\WINDOWS\system32\powrprof.dll
0x00007ffeeedd0000 - 0x00007ffeeede4000 	C:\WINDOWS\system32\profapi.dll
0x00007ffeef4d0000 - 0x00007ffeef556000 	C:\WINDOWS\system32\FirewallAPI.dll
0x00007ffeeee60000 - 0x00007ffeeee77000 	C:\WINDOWS\system32\NETAPI32.dll
0x00007ffef1950000 - 0x00007ffef1a93000 	C:\WINDOWS\system32\ole32.dll
0x00007ffef23f0000 - 0x00007ffef24b6000 	C:\WINDOWS\system32\OLEAUT32.dll
0x00007ffef1830000 - 0x00007ffef189b000 	C:\WINDOWS\system32\WS2_32.dll
0x0000000064060000 - 0x00000000640fa000 	C:\WINDOWS\LVUAAgentInstBaseRoot\system32\SteinwayMSVCRT.dll
0x0000000063f90000 - 0x0000000064060000 	C:\WINDOWS\LVUAAgentInstBaseRoot\system32\SteinwayMSVCSTL.dll
0x00007ffeec610000 - 0x00007ffeec694000 	C:\WINDOWS\SYSTEM32\WINSPOOL.DRV
0x00007ffeeec60000 - 0x00007ffeeec89000 	C:\WINDOWS\SYSTEM32\bcrypt.dll
0x00007ffeec1f0000 - 0x00007ffeec1fc000 	C:\WINDOWS\SYSTEM32\DAVHLPR.DLL
0x00007ffeedc00000 - 0x00007ffeedc32000 	C:\WINDOWS\system32\fwbase.dll
0x00007ffeea8f0000 - 0x00007ffeea94e000 	C:\WINDOWS\LVUAAgentInstBaseRoot\system32\MozartBreathNet.dll
0x00007ffeea850000 - 0x00007ffeea878000 	C:\WINDOWS\LVUAAgentInstBaseRoot\system32\MozartBreathProcess.dll
0x00007ffeea840000 - 0x00007ffeea84d000 	C:\WINDOWS\LVUAAgentInstBaseRoot\system32\MozartBreathBolo.dll
0x00007ffeee340000 - 0x00007ffeee371000 	C:\WINDOWS\system32\nvinitx.dll
0x00007ffeee310000 - 0x00007ffeee31a000 	C:\WINDOWS\SYSTEM32\VERSION.dll
0x000000000f000000 - 0x000000000f006000 	C:\Program Files\NVIDIA Corporation\CoProcManager\_etoured.dll
0x00007ffeed3e0000 - 0x00007ffeed412000 	C:\Program Files\NVIDIA Corporation\CoProcManager\nvd3d9wrapx.dll
0x00007ffeefe30000 - 0x00007ffef0259000 	C:\WINDOWS\system32\SETUPAPI.dll
0x00007ffeed3b0000 - 0x00007ffeed3d2000 	C:\Program Files\NVIDIA Corporation\CoProcManager\nvdxgiwrapx.dll
0x00000000619b0000 - 0x0000000061a82000 	D:\android\Android_Studio\jre\jre\bin\msvcr100.dll
0x0000000061a90000 - 0x00000000622c4000 	D:\android\Android_Studio\jre\jre\bin\server\jvm.dll
0x0000000000a40000 - 0x0000000000a48000 	C:\WINDOWS\system32\PSAPI.DLL
0x00007ffeeb260000 - 0x00007ffeeb269000 	C:\WINDOWS\SYSTEM32\WSOCK32.dll
0x00007ffeed010000 - 0x00007ffeed033000 	C:\WINDOWS\SYSTEM32\WINMM.dll
0x00007ffeecee0000 - 0x00007ffeecf0c000 	C:\WINDOWS\SYSTEM32\WINMMBASE.dll
0x00007ffee8b20000 - 0x00007ffee8b2f000 	D:\android\Android_Studio\jre\jre\bin\verify.dll
0x00007ffee59c0000 - 0x00007ffee59e9000 	D:\android\Android_Studio\jre\jre\bin\java.dll
0x00007ffee7880000 - 0x00007ffee7896000 	D:\android\Android_Studio\jre\jre\bin\zip.dll

VM Arguments:
jvm_args: -Djava.awt.headless=true -Xmx1024M -Dfile.encoding=GBK -Duser.country=CN -Duser.language=zh -Duser.variant 
java_command: com.android.dx.command.Main --dex --force-jumbo --num-threads=4 --multi-dex --output D:\android\studio_workspace\CJMobileStock\Android\SrcTag\AccountBook\app\build\intermediates\transforms\dex\debug\folders\1000\10\gson-2.3.1_92ef0814f81d6bfecaa69665ec6a70120b69aa76 C:\Users\xwangly\.gradle\caches\modules-2\files-2.1\com.google.code.gson\gson\2.3.1\ecb6e1f8e4b0e84c4b886c2f14a1500caf309757\gson-2.3.1.jar
java_class_path (initial): D:\android\Android_sdk_studio\build-tools\23.0.1\lib\dx.jar
Launcher Type: SUN_STANDARD

Environment Variables:
JAVA_HOME=D:\java7_new\jdk1.7.0_79
CLASSPATH=.;D:\java7_new\jdk1.7.0_79lib;D:\java7_new\jdk1.7.0_79lib\tools.jar
PATH=C:\WINDOWS\system32;C:\WINDOWS;C:\WINDOWS\System32\Wbem;C:\WINDOWS\System32\WindowsPowerShell\v1.0\;D:\java7_new\jdk1.7.0_79\bin;D:\android\Android_sdk_studio\platform-tools;D:\TortoiseSVN\bin;D:\android\gradle-2.10\gradle-2.10\bin;C:\Users\xwangly\AppData\Local\GitHub\PortableGit_c7e0cbde92ba565cb218a521411d0e854079a28c\mingw32\bin;C:\Program Files (x86)\GtkSharp\2.12\bin;D:\nodejs\;C:\Users\xwangly\AppData\Roaming\npm
USERNAME=xwangly
OS=Windows_NT
PROCESSOR_IDENTIFIER=Intel64 Family 6 Model 58 Stepping 9, GenuineIntel



---------------  S Y S T E M  ---------------

OS: Windows 10.0 , 64 bit Build 10586 (10.0.10586.589)

CPU:total 4 (2 cores per cpu, 2 threads per core) family 6 model 58 stepping 9, cmov, cx8, fxsr, mmx, sse, sse2, sse3, ssse3, sse4.1, sse4.2, popcnt, avx, aes, clmul, erms, ht, tsc, tscinvbit, tscinv

Memory: 4k page, physical 8078980k(1398192k free), swap 18511184k(5660k free)

vm_info: OpenJDK 64-Bit Server VM (25.76-b03) for windows-amd64 JRE (1.8.0_76-release-b03), built on Jun 29 2016 19:09:20 by "ralucas" with MS VC++ 10.0 (VS2010)

time: Thu Feb 09 15:35:14 2017
elapsed time: 6 seconds (0d 0h 0m 6s)

