#
# There is insufficient memory for the Java Runtime Environment to continue.
# Native memory allocation (malloc) failed to allocate 1095376 bytes for Chunk::new
# Possible reasons:
#   The system is out of physical RAM or swap space
#   In 32 bit mode, the process size limit was hit
# Possible solutions:
#   Reduce memory load on the system
#   Increase physical memory or swap space
#   Check if swap backing store is full
#   Use 64 bit Java on a 64 bit OS
#   Decrease Java heap size (-Xmx/-Xms)
#   Decrease number of Java threads
#   Decrease Java thread stack sizes (-Xss)
#   Set larger code cache with -XX:ReservedCodeCacheSize=
# This output file may be truncated or incomplete.
#
#  Out of Memory Error (allocation.cpp:390), pid=84, tid=0x0000000000001e90
#
# JRE version: OpenJDK Runtime Environment (8.0_76-b03) (build 1.8.0_76-release-b03)
# Java VM: OpenJDK 64-Bit Server VM (25.76-b03 mixed mode windows-amd64 compressed oops)
# Failed to write core dump. Minidumps are not enabled by default on client versions of Windows
#

---------------  T H R E A D  ---------------

Current thread (0x00000000063ba000):  JavaThread "C2 CompilerThread0" daemon [_thread_in_native, id=7824, stack(0x00000000078d0000,0x00000000079d0000)]

Stack: [0x00000000078d0000,0x00000000079d0000]
[error occurred during error reporting (printing stack bounds), id 0xc0000005]

Native frames: (J=compiled Java code, j=interpreted, Vv=VM code, C=native code)


Current CompileTask:
C2:   4321  973       4       com.android.dx.rop.code.Rops::ropFor (771 bytes)


---------------  P R O C E S S  ---------------

Java Threads: ( => current thread )
  0x0000000007bab000 JavaThread "pool-2-thread-3" [_thread_blocked, id=16572, stack(0x00000000084d0000,0x00000000085d0000)]
  0x0000000007b46800 JavaThread "pool-2-thread-2" [_thread_in_Java, id=12420, stack(0x00000000083d0000,0x00000000084d0000)]
  0x0000000007b42000 JavaThread "pool-3-thread-1" [_thread_blocked, id=752, stack(0x00000000082d0000,0x00000000083d0000)]
  0x0000000007a30000 JavaThread "Service Thread" daemon [_thread_blocked, id=11160, stack(0x0000000007fd0000,0x00000000080d0000)]
  0x0000000007a27000 JavaThread "C1 CompilerThread2" daemon [_thread_blocked, id=800, stack(0x0000000007ed0000,0x0000000007fd0000)]
  0x00000000063bc800 JavaThread "C2 CompilerThread1" daemon [_thread_in_native, id=6140, stack(0x0000000007dd0000,0x0000000007ed0000)]
=>0x00000000063ba000 JavaThread "C2 CompilerThread0" daemon [_thread_in_native, id=7824, stack(0x00000000078d0000,0x00000000079d0000)]
  0x00000000063b7800 JavaThread "Attach Listener" daemon [_thread_blocked, id=15848, stack(0x00000000077d0000,0x00000000078d0000)]
  0x000000000636c800 JavaThread "Signal Dispatcher" daemon [_thread_blocked, id=14412, stack(0x00000000076d0000,0x00000000077d0000)]
  0x0000000002c84800 JavaThread "Finalizer" daemon [_thread_blocked, id=11892, stack(0x00000000075d0000,0x00000000076d0000)]
  0x0000000002c7f000 JavaThread "Reference Handler" daemon [_thread_blocked, id=7564, stack(0x00000000074d0000,0x00000000075d0000)]
  0x0000000002b90800 JavaThread "main" [_thread_blocked, id=8372, stack(0x0000000002990000,0x0000000002a90000)]

Other Threads:
  0x0000000006325000 VMThread [stack: 0x00000000073d0000,0x00000000074d0000] [id=18212]
  0x0000000007a31000 WatcherThread [stack: 0x00000000080d0000,0x00000000081d0000] [id=2304]

VM state:not at safepoint (normal execution)

VM Mutex/Monitor currently owned by a thread:  ([mutex/lock_event])
[0x0000000002b8c8a0] Heap_lock - owner thread: 0x0000000007bab000

Heap:
 PSYoungGen      total 36864K, used 5102K [0x00000000eab00000, 0x00000000ef300000, 0x0000000100000000)
  eden space 31744K, 0% used [0x00000000eab00000,0x00000000eab00018,0x00000000eca00000)
  from space 5120K, 99% used [0x00000000eca00000,0x00000000ecefb808,0x00000000ecf00000)
  to   space 5120K, 0% used [0x00000000eee00000,0x00000000eee00000,0x00000000ef300000)
 ParOldGen       total 84992K, used 6908K [0x00000000c0000000, 0x00000000c5300000, 0x00000000eab00000)
  object space 84992K, 8% used [0x00000000c0000000,0x00000000c06bf370,0x00000000c5300000)
 Metaspace       used 5585K, capacity 6832K, committed 7040K, reserved 1056768K
  class space    used 556K, capacity 616K, committed 640K, reserved 1048576K

Card table byte_map: [0x0000000003050000,0x0000000003260000] byte_map_base: 0x0000000002a50000

Marking Bits: (ParMarkBitMap*) 0x0000000062249d00
 Begin Bits: [0x00000000037c0000, 0x00000000047c0000)
 End Bits:   [0x00000000047c0000, 0x00000000057c0000)

Polling page: 0x00000000022b0000

CodeCache: size=245760Kb used=4246Kb max_used=4270Kb free=241513Kb
 bounds [0x000000000f010000, 0x000000000f450000, 0x000000001e010000]
 total_blobs=1253 nmethods=990 adapters=177
 compilation: enabled

Compilation events (10 events):
Event: 3.619 Thread 0x00000000063bc800 nmethod 987 0x000000000f430690 code [0x000000000f430880, 0x000000000f431318]
Event: 3.619 Thread 0x00000000063bc800  988   !   4       com.android.dx.cf.code.RopperMachine::run (1550 bytes)
Event: 3.629 Thread 0x0000000007a27000  989       1       com.android.dx.rop.cst.TypedConstant::getFrameType (2 bytes)
Event: 3.629 Thread 0x0000000007a27000 nmethod 989 0x000000000f40e250 code [0x000000000f40e3a0, 0x000000000f40e4b0]
Event: 3.642 Thread 0x0000000007a27000  992       3       java.lang.String::<init> (15 bytes)
Event: 3.643 Thread 0x0000000007a27000 nmethod 992 0x000000000f414d50 code [0x000000000f414ee0, 0x000000000f4152c8]
Event: 3.646 Thread 0x0000000007a27000  993       3       com.android.dx.cf.code.Ropper::getSpecialLabel (20 bytes)
Event: 3.647 Thread 0x0000000007a27000 nmethod 993 0x000000000f414690 code [0x000000000f414800, 0x000000000f414bd0]
Event: 4.190 Thread 0x00000000063bc800 nmethod 988 0x000000000f437950 code [0x000000000f437f00, 0x000000000f43cd40]
Event: 4.191 Thread 0x00000000063bc800  991   !   4       com.android.dx.cf.code.Ropper::processBlock (1101 bytes)

GC Heap History (2 events):
Event: 3.739 GC heap before
{Heap before GC invocations=1 (full 0):
 PSYoungGen      total 36864K, used 31744K [0x00000000eab00000, 0x00000000ed400000, 0x0000000100000000)
  eden space 31744K, 100% used [0x00000000eab00000,0x00000000eca00000,0x00000000eca00000)
  from space 5120K, 0% used [0x00000000ecf00000,0x00000000ecf00000,0x00000000ed400000)
  to   space 5120K, 0% used [0x00000000eca00000,0x00000000eca00000,0x00000000ecf00000)
 ParOldGen       total 84992K, used 0K [0x00000000c0000000, 0x00000000c5300000, 0x00000000eab00000)
  object space 84992K, 0% used [0x00000000c0000000,0x00000000c0000000,0x00000000c5300000)
 Metaspace       used 5585K, capacity 6832K, committed 7040K, reserved 1056768K
  class space    used 556K, capacity 616K, committed 640K, reserved 1048576K
Event: 4.023 GC heap after
Heap after GC invocations=1 (full 0):
 PSYoungGen      total 36864K, used 5102K [0x00000000eab00000, 0x00000000ef300000, 0x0000000100000000)
  eden space 31744K, 0% used [0x00000000eab00000,0x00000000eab00000,0x00000000eca00000)
  from space 5120K, 99% used [0x00000000eca00000,0x00000000ecefb808,0x00000000ecf00000)
  to   space 5120K, 0% used [0x00000000eee00000,0x00000000eee00000,0x00000000ef300000)
 ParOldGen       total 84992K, used 6908K [0x00000000c0000000, 0x00000000c5300000, 0x00000000eab00000)
  object space 84992K, 8% used [0x00000000c0000000,0x00000000c06bf370,0x00000000c5300000)
 Metaspace       used 5585K, capacity 6832K, committed 7040K, reserved 1056768K
  class space    used 556K, capacity 616K, committed 640K, reserved 1048576K
}

Deoptimization events (10 events):
Event: 2.452 Thread 0x0000000007bab000 Uncommon trap: reason=class_check action=maybe_recompile pc=0x000000000f2664b0 method=com.android.dx.ssa.NormalSsaInsn.accept(Lcom/android/dx/ssa/SsaInsn$Visitor;)V @ 9
Event: 2.457 Thread 0x0000000007b46800 Uncommon trap: reason=unstable_if action=reinterpret pc=0x000000000f1a4bc4 method=java.lang.String.replace(CC)Ljava/lang/String; @ 26
Event: 2.482 Thread 0x0000000007bab000 Uncommon trap: reason=class_check action=maybe_recompile pc=0x000000000f337560 method=com.android.dx.rop.type.Type.equals(Ljava/lang/Object;)Z @ 8
Event: 2.482 Thread 0x0000000007bab000 Uncommon trap: reason=class_check action=maybe_recompile pc=0x000000000f337560 method=com.android.dx.rop.type.Type.equals(Ljava/lang/Object;)Z @ 8
Event: 2.483 Thread 0x0000000007bab000 Uncommon trap: reason=class_check action=maybe_recompile pc=0x000000000f337560 method=com.android.dx.rop.type.Type.equals(Ljava/lang/Object;)Z @ 8
Event: 2.483 Thread 0x0000000007bab000 Uncommon trap: reason=class_check action=maybe_recompile pc=0x000000000f337560 method=com.android.dx.rop.type.Type.equals(Ljava/lang/Object;)Z @ 8
Event: 3.288 Thread 0x0000000007bab000 Uncommon trap: reason=class_check action=maybe_recompile pc=0x000000000f3df278 method=com.android.dx.cf.code.BytecodeArray.parseInstruction(ILcom/android/dx/cf/code/BytecodeArray$Visitor;)I @ 1130
Event: 3.292 Thread 0x0000000007bab000 Uncommon trap: reason=class_check action=maybe_recompile pc=0x000000000f3df278 method=com.android.dx.cf.code.BytecodeArray.parseInstruction(ILcom/android/dx/cf/code/BytecodeArray$Visitor;)I @ 1130
Event: 3.292 Thread 0x0000000007bab000 Uncommon trap: reason=class_check action=maybe_recompile pc=0x000000000f3df278 method=com.android.dx.cf.code.BytecodeArray.parseInstruction(ILcom/android/dx/cf/code/BytecodeArray$Visitor;)I @ 1130
Event: 3.295 Thread 0x0000000007bab000 Uncommon trap: reason=class_check action=maybe_recompile pc=0x000000000f3df278 method=com.android.dx.cf.code.BytecodeArray.parseInstruction(ILcom/android/dx/cf/code/BytecodeArray$Visitor;)I @ 1130

Internal exceptions (2 events):
Event: 0.037 Thread 0x0000000002b90800 Exception <a 'java/lang/NoSuchMethodError': Method sun.misc.Unsafe.defineClass(Ljava/lang/String;[BII)Ljava/lang/Class; name or signature does not match> (0x00000000eab07cc0) thrown at [C:\src\android\AOSP-openjdk\external\jetbrains\jdk\hotspot\src\share\vÂÛBlY£?
Event: 0.037 Thread 0x0000000002b90800 Exception <a 'java/lang/NoSuchMethodError': Method sun.misc.Unsafe.prefetchRead(Ljava/lang/Object;J)V name or signature does not match> (0x00000000eab07fa8) thrown at [C:\src\android\AOSP-openjdk\external\jetbrains\jdk\hotspot\src\share\vm\prims\jni.cpp, l

Events (10 events):
Event: 3.292 Thread 0x0000000007bab000 DEOPT PACKING pc=0x000000000f3df278 sp=0x00000000085ce710
Event: 3.292 Thread 0x0000000007bab000 DEOPT UNPACKING pc=0x000000000f05556a sp=0x00000000085ce680 mode 2
Event: 3.292 Thread 0x0000000007bab000 Uncommon trap: trap_request=0xffffffde fr.pc=0x000000000f3df278
Event: 3.292 Thread 0x0000000007bab000 DEOPT PACKING pc=0x000000000f3df278 sp=0x00000000085ce710
Event: 3.292 Thread 0x0000000007bab000 DEOPT UNPACKING pc=0x000000000f05556a sp=0x00000000085ce680 mode 2
Event: 3.295 Thread 0x0000000007bab000 Uncommon trap: trap_request=0xffffffde fr.pc=0x000000000f3df278
Event: 3.295 Thread 0x0000000007bab000 DEOPT PACKING pc=0x000000000f3df278 sp=0x00000000085ce710
Event: 3.295 Thread 0x0000000007bab000 DEOPT UNPACKING pc=0x000000000f05556a sp=0x00000000085ce680 mode 2
Event: 3.651 Executing VM operation: ParallelGCFailedAllocation
Event: 4.023 Executing VM operation: ParallelGCFailedAllocation done


Dynamic libraries:
0x00007ff660a90000 - 0x00007ff660ac1000 	D:\android\Android_Studio\jre\bin\java.exe
0x00007ffef27b0000 - 0x00007ffef2971000 	C:\WINDOWS\SYSTEM32\ntdll.dll
0x00007ffef22e0000 - 0x00007ffef238d000 	C:\WINDOWS\system32\KERNEL32.DLL
0x00007ffeef060000 - 0x00007ffeef248000 	C:\WINDOWS\system32\KERNELBASE.dll
0x0000000064100000 - 0x0000000064189000 	C:\WINDOWS\System32\SYSFER.DLL
0x00007ffef18a0000 - 0x00007ffef1947000 	C:\WINDOWS\system32\ADVAPI32.dll
0x00007ffef2010000 - 0x00007ffef20ad000 	C:\WINDOWS\system32\msvcrt.dll
0x00007ffef1aa0000 - 0x00007ffef1afb000 	C:\WINDOWS\system32\sechost.dll
0x00007ffeefd10000 - 0x00007ffeefe2c000 	C:\WINDOWS\system32\RPCRT4.dll
0x00007ffeefbb0000 - 0x00007ffeefd06000 	C:\WINDOWS\system32\USER32.dll
0x00007ffef1b30000 - 0x00007ffef1cb6000 	C:\WINDOWS\system32\GDI32.dll
0x00007ffee8700000 - 0x00007ffee8974000 	C:\WINDOWS\WinSxS\amd64_microsoft.windows.common-controls_6595b64144ccf1df_6.0.10586.672_none_a2d6b3cea53ff843\COMCTL32.dll
0x00007ffef2530000 - 0x00007ffef27ad000 	C:\WINDOWS\system32\combase.dll
0x00007ffeeeff0000 - 0x00007ffeef05a000 	C:\WINDOWS\system32\bcryptPrimitives.dll
0x00007ffef1cc0000 - 0x00007ffef1cfb000 	C:\WINDOWS\system32\IMM32.DLL
0x0000000180000000 - 0x00000001800d0000 	C:\WINDOWS\LVUAAgentInstBaseRoot\system32\Vozokopot.dll
0x00007ffeeca20000 - 0x00007ffeeca43000 	C:\WINDOWS\LVUAAgentInstBaseRoot\system32\MozartBreathFw.dll
0x00007ffeec720000 - 0x00007ffeeca1d000 	C:\WINDOWS\LVUAAgentInstBaseRoot\system32\MozartBreathCore.dll
0x00007ffef21d0000 - 0x00007ffef22db000 	C:\WINDOWS\system32\COMDLG32.dll
0x00007ffeeef30000 - 0x00007ffeeefe5000 	C:\WINDOWS\system32\shcore.dll
0x00007ffef2160000 - 0x00007ffef21b2000 	C:\WINDOWS\system32\SHLWAPI.dll
0x00007ffef02d0000 - 0x00007ffef182c000 	C:\WINDOWS\system32\SHELL32.dll
0x00007ffeeeee0000 - 0x00007ffeeef23000 	C:\WINDOWS\system32\cfgmgr32.dll
0x00007ffeef560000 - 0x00007ffeefba5000 	C:\WINDOWS\system32\windows.storage.dll
0x00007ffeeee00000 - 0x00007ffeeee0f000 	C:\WINDOWS\system32\kernel.appcore.dll
0x00007ffeeee10000 - 0x00007ffeeee5b000 	C:\WINDOWS\system32\powrprof.dll
0x00007ffeeedd0000 - 0x00007ffeeede4000 	C:\WINDOWS\system32\profapi.dll
0x00007ffeef4d0000 - 0x00007ffeef556000 	C:\WINDOWS\system32\FirewallAPI.dll
0x00007ffeeee60000 - 0x00007ffeeee77000 	C:\WINDOWS\system32\NETAPI32.dll
0x00007ffef1950000 - 0x00007ffef1a93000 	C:\WINDOWS\system32\ole32.dll
0x00007ffef23f0000 - 0x00007ffef24b6000 	C:\WINDOWS\system32\OLEAUT32.dll
0x00007ffef1830000 - 0x00007ffef189b000 	C:\WINDOWS\system32\WS2_32.dll
0x0000000064060000 - 0x00000000640fa000 	C:\WINDOWS\LVUAAgentInstBaseRoot\system32\SteinwayMSVCRT.dll
0x0000000063f90000 - 0x0000000064060000 	C:\WINDOWS\LVUAAgentInstBaseRoot\system32\SteinwayMSVCSTL.dll
0x00007ffeec610000 - 0x00007ffeec694000 	C:\WINDOWS\SYSTEM32\WINSPOOL.DRV
0x00007ffeeec60000 - 0x00007ffeeec89000 	C:\WINDOWS\SYSTEM32\bcrypt.dll
0x00007ffeec1f0000 - 0x00007ffeec1fc000 	C:\WINDOWS\SYSTEM32\DAVHLPR.DLL
0x00007ffeedc00000 - 0x00007ffeedc32000 	C:\WINDOWS\system32\fwbase.dll
0x00007ffeea8f0000 - 0x00007ffeea94e000 	C:\WINDOWS\LVUAAgentInstBaseRoot\system32\MozartBreathNet.dll
0x00007ffeea850000 - 0x00007ffeea878000 	C:\WINDOWS\LVUAAgentInstBaseRoot\system32\MozartBreathProcess.dll
0x00007ffeea840000 - 0x00007ffeea84d000 	C:\WINDOWS\LVUAAgentInstBaseRoot\system32\MozartBreathBolo.dll
0x00007ffeee340000 - 0x00007ffeee371000 	C:\WINDOWS\system32\nvinitx.dll
0x00007ffeee310000 - 0x00007ffeee31a000 	C:\WINDOWS\SYSTEM32\VERSION.dll
0x000000000f000000 - 0x000000000f006000 	C:\Program Files\NVIDIA Corporation\CoProcManager\_etoured.dll
0x00007ffeed3e0000 - 0x00007ffeed412000 	C:\Program Files\NVIDIA Corporation\CoProcManager\nvd3d9wrapx.dll
0x00007ffeefe30000 - 0x00007ffef0259000 	C:\WINDOWS\system32\SETUPAPI.dll
0x00007ffeed3b0000 - 0x00007ffeed3d2000 	C:\Program Files\NVIDIA Corporation\CoProcManager\nvdxgiwrapx.dll
0x00000000619b0000 - 0x0000000061a82000 	D:\android\Android_Studio\jre\jre\bin\msvcr100.dll
0x0000000061a90000 - 0x00000000622c4000 	D:\android\Android_Studio\jre\jre\bin\server\jvm.dll
0x0000000000e70000 - 0x0000000000e78000 	C:\WINDOWS\system32\PSAPI.DLL
0x00007ffeeb260000 - 0x00007ffeeb269000 	C:\WINDOWS\SYSTEM32\WSOCK32.dll
0x00007ffeed010000 - 0x00007ffeed033000 	C:\WINDOWS\SYSTEM32\WINMM.dll
0x00007ffeecee0000 - 0x00007ffeecf0c000 	C:\WINDOWS\SYSTEM32\WINMMBASE.dll
0x00007ffee8b20000 - 0x00007ffee8b2f000 	D:\android\Android_Studio\jre\jre\bin\verify.dll
0x00007ffee59c0000 - 0x00007ffee59e9000 	D:\android\Android_Studio\jre\jre\bin\java.dll
0x00007ffee7880000 - 0x00007ffee7896000 	D:\android\Android_Studio\jre\jre\bin\zip.dll

VM Arguments:
jvm_args: -Djava.awt.headless=true -Xmx1024M -Dfile.encoding=GBK -Duser.country=CN -Duser.language=zh -Duser.variant 
java_command: com.android.dx.command.Main --dex --force-jumbo --num-threads=4 --multi-dex --output D:\android\studio_workspace\CJMobileStock\Android\SrcTag\AccountBook\app\build\intermediates\transforms\dex\debug\folders\1000\5\slice_1 D:\android\studio_workspace\CJMobileStock\Android\SrcTag\AccountBook\app\build\intermediates\transforms\instantRunSlicer\debug\folders\1\5\slice_1
java_class_path (initial): D:\android\Android_sdk_studio\build-tools\23.0.1\lib\dx.jar
Launcher Type: SUN_STANDARD

Environment Variables:
JAVA_HOME=D:\java7_new\jdk1.7.0_79
CLASSPATH=.;D:\java7_new\jdk1.7.0_79lib;D:\java7_new\jdk1.7.0_79lib\tools.jar
PATH=C:\WINDOWS\system32;C:\WINDOWS;C:\WINDOWS\System32\Wbem;C:\WINDOWS\System32\WindowsPowerShell\v1.0\;D:\java7_new\jdk1.7.0_79\bin;D:\android\Android_sdk_studio\platform-tools;D:\TortoiseSVN\bin;D:\android\gradle-2.10\gradle-2.10\bin;C:\Users\xwangly\AppData\Local\GitHub\PortableGit_c7e0cbde92ba565cb218a521411d0e854079a28c\mingw32\bin;C:\Program Files (x86)\GtkSharp\2.12\bin;D:\nodejs\;C:\Users\xwangly\AppData\Roaming\npm
USERNAME=xwangly
OS=Windows_NT
PROCESSOR_IDENTIFIER=Intel64 Family 6 Model 58 Stepping 9, GenuineIntel



---------------  S Y S T E M  ---------------

OS: Windows 10.0 , 64 bit Build 10586 (10.0.10586.589)

CPU:total 4 (2 cores per cpu, 2 threads per core) family 6 model 58 stepping 9, cmov, cx8, fxsr, mmx, sse, sse2, sse3, ssse3, sse4.1, sse4.2, popcnt, avx, aes, clmul, erms, ht, tsc, tscinvbit, tscinv

Memory: 4k page, physical 8078980k(1537004k free), swap 18511184k(5172k free)

vm_info: OpenJDK 64-Bit Server VM (25.76-b03) for windows-amd64 JRE (1.8.0_76-release-b03), built on Jun 29 2016 19:09:20 by "ralucas" with MS VC++ 10.0 (VS2010)

time: Thu Feb 09 15:38:19 2017
elapsed time: 4 seconds (0d 0h 0m 4s)

