#
# There is insufficient memory for the Java Runtime Environment to continue.
# Native memory allocation (malloc) failed to allocate 334176 bytes for Chunk::new
# Possible reasons:
#   The system is out of physical RAM or swap space
#   In 32 bit mode, the process size limit was hit
# Possible solutions:
#   Reduce memory load on the system
#   Increase physical memory or swap space
#   Check if swap backing store is full
#   Use 64 bit Java on a 64 bit OS
#   Decrease Java heap size (-Xmx/-Xms)
#   Decrease number of Java threads
#   Decrease Java thread stack sizes (-Xss)
#   Set larger code cache with -XX:ReservedCodeCacheSize=
# This output file may be truncated or incomplete.
#
#  Out of Memory Error (allocation.cpp:390), pid=8128, tid=0x0000000000001a40
#
# JRE version: OpenJDK Runtime Environment (8.0_76-b03) (build 1.8.0_76-release-b03)
# Java VM: OpenJDK 64-Bit Server VM (25.76-b03 mixed mode windows-amd64 compressed oops)
# Failed to write core dump. Minidumps are not enabled by default on client versions of Windows
#

---------------  T H R E A D  ---------------

Current thread (0x000000000669b800):  JavaThread "C2 CompilerThread1" daemon [_thread_in_native, id=6720, stack(0x0000000007c90000,0x0000000007d90000)]

Stack: [0x0000000007c90000,0x0000000007d90000]
[error occurred during error reporting (printing stack bounds), id 0xc0000005]

Native frames: (J=compiled Java code, j=interpreted, Vv=VM code, C=native code)


Current CompileTask:
C2:   2988 1127       4       com.android.dx.ssa.SCCP::simulateStmt (481 bytes)


---------------  P R O C E S S  ---------------

Java Threads: ( => current thread )
  0x0000000007ff3000 JavaThread "pool-2-thread-4" [_thread_in_Java, id=15436, stack(0x0000000008890000,0x0000000008990000)]
  0x0000000007fef000 JavaThread "pool-2-thread-2" [_thread_in_Java, id=15824, stack(0x0000000008690000,0x0000000008790000)]
  0x0000000007f05000 JavaThread "pool-3-thread-1" [_thread_blocked, id=18060, stack(0x0000000008590000,0x0000000008690000)]
  0x0000000007dfe800 JavaThread "Service Thread" daemon [_thread_blocked, id=11408, stack(0x0000000008290000,0x0000000008390000)]
  0x0000000007de1000 JavaThread "C1 CompilerThread2" daemon [_thread_in_native, id=168, stack(0x0000000008190000,0x0000000008290000)]
=>0x000000000669b800 JavaThread "C2 CompilerThread1" daemon [_thread_in_native, id=6720, stack(0x0000000007c90000,0x0000000007d90000)]
  0x0000000006699000 JavaThread "C2 CompilerThread0" daemon [_thread_in_native, id=8324, stack(0x0000000007b90000,0x0000000007c90000)]
  0x000000000664b000 JavaThread "Attach Listener" daemon [_thread_blocked, id=14664, stack(0x0000000007a90000,0x0000000007b90000)]
  0x0000000006697800 JavaThread "Signal Dispatcher" daemon [_thread_blocked, id=17852, stack(0x0000000007990000,0x0000000007a90000)]
  0x0000000006628800 JavaThread "Finalizer" daemon [_thread_blocked, id=16676, stack(0x0000000007890000,0x0000000007990000)]
  0x0000000002f5f000 JavaThread "Reference Handler" daemon [_thread_blocked, id=7632, stack(0x0000000007790000,0x0000000007890000)]
  0x0000000002e70800 JavaThread "main" [_thread_blocked, id=4052, stack(0x0000000002950000,0x0000000002a50000)]

Other Threads:
  0x0000000006605000 VMThread [stack: 0x0000000007690000,0x0000000007790000] [id=14956]
  0x0000000007e00000 WatcherThread [stack: 0x0000000008390000,0x0000000008490000] [id=4572]

VM state:not at safepoint (normal execution)

VM Mutex/Monitor currently owned by a thread: None

Heap:
 PSYoungGen      total 36864K, used 22427K [0x00000000eab00000, 0x00000000ed400000, 0x0000000100000000)
  eden space 31744K, 54% used [0x00000000eab00000,0x00000000ebbea228,0x00000000eca00000)
  from space 5120K, 99% used [0x00000000eca00000,0x00000000ecefcab8,0x00000000ecf00000)
  to   space 5120K, 0% used [0x00000000ecf00000,0x00000000ecf00000,0x00000000ed400000)
 ParOldGen       total 84992K, used 2015K [0x00000000c0000000, 0x00000000c5300000, 0x00000000eab00000)
  object space 84992K, 2% used [0x00000000c0000000,0x00000000c01f7f78,0x00000000c5300000)
 Metaspace       used 5818K, capacity 6896K, committed 7040K, reserved 1056768K
  class space    used 570K, capacity 616K, committed 640K, reserved 1048576K

Card table byte_map: [0x0000000003330000,0x0000000003540000] byte_map_base: 0x0000000002d30000

Marking Bits: (ParMarkBitMap*) 0x0000000062249d00
 Begin Bits: [0x0000000003aa0000, 0x0000000004aa0000)
 End Bits:   [0x0000000004aa0000, 0x0000000005aa0000)

Polling page: 0x00000000027a0000

CodeCache: size=245760Kb used=4666Kb max_used=4666Kb free=241094Kb
 bounds [0x000000000f010000, 0x000000000f4b0000, 0x000000001e010000]
 total_blobs=1459 nmethods=1189 adapters=184
 compilation: enabled

Compilation events (10 events):
Event: 2.840 Thread 0x0000000007de1000 1151       3       com.android.dx.util.IntList::equals (82 bytes)
Event: 2.841 Thread 0x0000000007de1000 nmethod 1151 0x000000000f47efd0 code [0x000000000f47f160, 0x000000000f47f710]
Event: 2.841 Thread 0x0000000007de1000 1152       3       com.android.dx.cf.code.Frame::adjustLocalsForSubroutines (28 bytes)
Event: 2.879 Thread 0x0000000007de1000 nmethod 1152 0x000000000f482cd0 code [0x000000000f482e60, 0x000000000f483368]
Event: 2.879 Thread 0x000000000669b800 nmethod 1110 0x000000000f483490 code [0x000000000f483620, 0x000000000f483db0]
Event: 2.879 Thread 0x000000000669b800 1128       4       java.util.Collections$UnmodifiableCollection$1::hasNext (10 bytes)
Event: 2.880 Thread 0x000000000669b800 nmethod 1128 0x000000000f47fcd0 code [0x000000000f47fe20, 0x000000000f47fef8]
Event: 2.880 Thread 0x000000000669b800 1129       4       java.util.Collections$UnmodifiableCollection$1::next (10 bytes)
Event: 2.882 Thread 0x000000000669b800 nmethod 1129 0x000000000f481290 code [0x000000000f481400, 0x000000000f481588]
Event: 2.882 Thread 0x000000000669b800 1127       4       com.android.dx.ssa.SCCP::simulateStmt (481 bytes)

GC Heap History (2 events):
Event: 2.841 GC heap before
{Heap before GC invocations=1 (full 0):
 PSYoungGen      total 36864K, used 31744K [0x00000000eab00000, 0x00000000ed400000, 0x0000000100000000)
  eden space 31744K, 100% used [0x00000000eab00000,0x00000000eca00000,0x00000000eca00000)
  from space 5120K, 0% used [0x00000000ecf00000,0x00000000ecf00000,0x00000000ed400000)
  to   space 5120K, 0% used [0x00000000eca00000,0x00000000eca00000,0x00000000ecf00000)
 ParOldGen       total 84992K, used 0K [0x00000000c0000000, 0x00000000c5300000, 0x00000000eab00000)
  object space 84992K, 0% used [0x00000000c0000000,0x00000000c0000000,0x00000000c5300000)
 Metaspace       used 5747K, capacity 6832K, committed 7040K, reserved 1056768K
  class space    used 566K, capacity 616K, committed 640K, reserved 1048576K
Event: 2.871 GC heap after
Heap after GC invocations=1 (full 0):
 PSYoungGen      total 36864K, used 5106K [0x00000000eab00000, 0x00000000ed400000, 0x0000000100000000)
  eden space 31744K, 0% used [0x00000000eab00000,0x00000000eab00000,0x00000000eca00000)
  from space 5120K, 99% used [0x00000000eca00000,0x00000000ecefcab8,0x00000000ecf00000)
  to   space 5120K, 0% used [0x00000000ecf00000,0x00000000ecf00000,0x00000000ed400000)
 ParOldGen       total 84992K, used 2015K [0x00000000c0000000, 0x00000000c5300000, 0x00000000eab00000)
  object space 84992K, 2% used [0x00000000c0000000,0x00000000c01f7f78,0x00000000c5300000)
 Metaspace       used 5747K, capacity 6832K, committed 7040K, reserved 1056768K
  class space    used 566K, capacity 616K, committed 640K, reserved 1048576K
}

Deoptimization events (6 events):
Event: 2.396 Thread 0x0000000007f02800 Uncommon trap: reason=class_check action=maybe_recompile pc=0x000000000f2692b0 method=com.android.dx.ssa.NormalSsaInsn.accept(Lcom/android/dx/ssa/SsaInsn$Visitor;)V @ 9
Event: 2.396 Thread 0x0000000007f02800 Uncommon trap: reason=class_check action=maybe_recompile pc=0x000000000f2692b0 method=com.android.dx.ssa.NormalSsaInsn.accept(Lcom/android/dx/ssa/SsaInsn$Visitor;)V @ 9
Event: 2.396 Thread 0x0000000007f02800 Uncommon trap: reason=class_check action=maybe_recompile pc=0x000000000f2692b0 method=com.android.dx.ssa.NormalSsaInsn.accept(Lcom/android/dx/ssa/SsaInsn$Visitor;)V @ 9
Event: 2.396 Thread 0x0000000007f02800 Uncommon trap: reason=class_check action=maybe_recompile pc=0x000000000f2692b0 method=com.android.dx.ssa.NormalSsaInsn.accept(Lcom/android/dx/ssa/SsaInsn$Visitor;)V @ 9
Event: 2.397 Thread 0x0000000007f02800 Uncommon trap: reason=class_check action=maybe_recompile pc=0x000000000f265b30 method=com.android.dx.ssa.NormalSsaInsn.accept(Lcom/android/dx/ssa/SsaInsn$Visitor;)V @ 9
Event: 2.436 Thread 0x0000000002e70800 Uncommon trap: reason=unstable_if action=reinterpret pc=0x000000000f192a08 method=java.lang.String.<init>([CII)V @ 18

Internal exceptions (2 events):
Event: 0.062 Thread 0x0000000002e70800 Exception <a 'java/lang/NoSuchMethodError': Method sun.misc.Unsafe.defineClass(Ljava/lang/String;[BII)Ljava/lang/Class; name or signature does not match> (0x00000000eab07cc0) thrown at [C:\src\android\AOSP-openjdk\external\jetbrains\jdk\hotspot\src\share\v w¼È°?
Event: 0.063 Thread 0x0000000002e70800 Exception <a 'java/lang/NoSuchMethodError': Method sun.misc.Unsafe.prefetchRead(Ljava/lang/Object;J)V name or signature does not match> (0x00000000eab07fa8) thrown at [C:\src\android\AOSP-openjdk\external\jetbrains\jdk\hotspot\src\share\vm\prims\jni.cpp, l

Events (10 events):
Event: 2.436 Thread 0x0000000002e70800 DEOPT PACKING pc=0x000000000f192a08 sp=0x0000000002a4e5c0
Event: 2.437 Thread 0x0000000002e70800 DEOPT UNPACKING pc=0x000000000f05556a sp=0x0000000002a4e4f0 mode 2
Event: 2.755 loading class java/util/TreeMap$EntrySet
Event: 2.755 loading class java/util/TreeMap$EntrySet done
Event: 2.755 loading class java/util/TreeMap$EntryIterator
Event: 2.755 loading class java/util/TreeMap$EntryIterator done
Event: 2.755 Executing VM operation: Deoptimize
Event: 2.819 Executing VM operation: Deoptimize done
Event: 2.841 Executing VM operation: ParallelGCFailedAllocation
Event: 2.871 Executing VM operation: ParallelGCFailedAllocation done


Dynamic libraries:
0x00007ff660a90000 - 0x00007ff660ac1000 	D:\android\Android_Studio\jre\bin\java.exe
0x00007ffef27b0000 - 0x00007ffef2971000 	C:\WINDOWS\SYSTEM32\ntdll.dll
0x00007ffef22e0000 - 0x00007ffef238d000 	C:\WINDOWS\system32\KERNEL32.DLL
0x00007ffeef060000 - 0x00007ffeef248000 	C:\WINDOWS\system32\KERNELBASE.dll
0x0000000064100000 - 0x0000000064189000 	C:\WINDOWS\System32\SYSFER.DLL
0x00007ffef18a0000 - 0x00007ffef1947000 	C:\WINDOWS\system32\ADVAPI32.dll
0x00007ffef2010000 - 0x00007ffef20ad000 	C:\WINDOWS\system32\msvcrt.dll
0x00007ffef1aa0000 - 0x00007ffef1afb000 	C:\WINDOWS\system32\sechost.dll
0x00007ffeefd10000 - 0x00007ffeefe2c000 	C:\WINDOWS\system32\RPCRT4.dll
0x00007ffeefbb0000 - 0x00007ffeefd06000 	C:\WINDOWS\system32\USER32.dll
0x00007ffef1b30000 - 0x00007ffef1cb6000 	C:\WINDOWS\system32\GDI32.dll
0x00007ffee8700000 - 0x00007ffee8974000 	C:\WINDOWS\WinSxS\amd64_microsoft.windows.common-controls_6595b64144ccf1df_6.0.10586.672_none_a2d6b3cea53ff843\COMCTL32.dll
0x00007ffef2530000 - 0x00007ffef27ad000 	C:\WINDOWS\system32\combase.dll
0x00007ffeeeff0000 - 0x00007ffeef05a000 	C:\WINDOWS\system32\bcryptPrimitives.dll
0x00007ffef1cc0000 - 0x00007ffef1cfb000 	C:\WINDOWS\system32\IMM32.DLL
0x0000000180000000 - 0x00000001800d0000 	C:\WINDOWS\LVUAAgentInstBaseRoot\system32\Vozokopot.dll
0x00007ffeeca20000 - 0x00007ffeeca43000 	C:\WINDOWS\LVUAAgentInstBaseRoot\system32\MozartBreathFw.dll
0x00007ffeec720000 - 0x00007ffeeca1d000 	C:\WINDOWS\LVUAAgentInstBaseRoot\system32\MozartBreathCore.dll
0x00007ffef21d0000 - 0x00007ffef22db000 	C:\WINDOWS\system32\COMDLG32.dll
0x00007ffeeef30000 - 0x00007ffeeefe5000 	C:\WINDOWS\system32\shcore.dll
0x00007ffef2160000 - 0x00007ffef21b2000 	C:\WINDOWS\system32\SHLWAPI.dll
0x00007ffef02d0000 - 0x00007ffef182c000 	C:\WINDOWS\system32\SHELL32.dll
0x00007ffeeeee0000 - 0x00007ffeeef23000 	C:\WINDOWS\system32\cfgmgr32.dll
0x00007ffeef560000 - 0x00007ffeefba5000 	C:\WINDOWS\system32\windows.storage.dll
0x00007ffeeee00000 - 0x00007ffeeee0f000 	C:\WINDOWS\system32\kernel.appcore.dll
0x00007ffeeee10000 - 0x00007ffeeee5b000 	C:\WINDOWS\system32\powrprof.dll
0x00007ffeeedd0000 - 0x00007ffeeede4000 	C:\WINDOWS\system32\profapi.dll
0x00007ffeef4d0000 - 0x00007ffeef556000 	C:\WINDOWS\system32\FirewallAPI.dll
0x00007ffeeee60000 - 0x00007ffeeee77000 	C:\WINDOWS\system32\NETAPI32.dll
0x00007ffef1950000 - 0x00007ffef1a93000 	C:\WINDOWS\system32\ole32.dll
0x00007ffef23f0000 - 0x00007ffef24b6000 	C:\WINDOWS\system32\OLEAUT32.dll
0x00007ffef1830000 - 0x00007ffef189b000 	C:\WINDOWS\system32\WS2_32.dll
0x0000000064060000 - 0x00000000640fa000 	C:\WINDOWS\LVUAAgentInstBaseRoot\system32\SteinwayMSVCRT.dll
0x0000000063f90000 - 0x0000000064060000 	C:\WINDOWS\LVUAAgentInstBaseRoot\system32\SteinwayMSVCSTL.dll
0x00007ffeec610000 - 0x00007ffeec694000 	C:\WINDOWS\SYSTEM32\WINSPOOL.DRV
0x00007ffeeec60000 - 0x00007ffeeec89000 	C:\WINDOWS\SYSTEM32\bcrypt.dll
0x00007ffeec1f0000 - 0x00007ffeec1fc000 	C:\WINDOWS\SYSTEM32\DAVHLPR.DLL
0x00007ffeedc00000 - 0x00007ffeedc32000 	C:\WINDOWS\system32\fwbase.dll
0x00007ffeea8f0000 - 0x00007ffeea94e000 	C:\WINDOWS\LVUAAgentInstBaseRoot\system32\MozartBreathNet.dll
0x00007ffeea850000 - 0x00007ffeea878000 	C:\WINDOWS\LVUAAgentInstBaseRoot\system32\MozartBreathProcess.dll
0x00007ffeea840000 - 0x00007ffeea84d000 	C:\WINDOWS\LVUAAgentInstBaseRoot\system32\MozartBreathBolo.dll
0x00007ffeee340000 - 0x00007ffeee371000 	C:\WINDOWS\system32\nvinitx.dll
0x00007ffeee310000 - 0x00007ffeee31a000 	C:\WINDOWS\SYSTEM32\VERSION.dll
0x000000000f000000 - 0x000000000f006000 	C:\Program Files\NVIDIA Corporation\CoProcManager\_etoured.dll
0x00007ffeed3e0000 - 0x00007ffeed412000 	C:\Program Files\NVIDIA Corporation\CoProcManager\nvd3d9wrapx.dll
0x00007ffeefe30000 - 0x00007ffef0259000 	C:\WINDOWS\system32\SETUPAPI.dll
0x00007ffeed3b0000 - 0x00007ffeed3d2000 	C:\Program Files\NVIDIA Corporation\CoProcManager\nvdxgiwrapx.dll
0x00000000619b0000 - 0x0000000061a82000 	D:\android\Android_Studio\jre\jre\bin\msvcr100.dll
0x0000000061a90000 - 0x00000000622c4000 	D:\android\Android_Studio\jre\jre\bin\server\jvm.dll
0x0000000002760000 - 0x0000000002768000 	C:\WINDOWS\system32\PSAPI.DLL
0x00007ffeeb260000 - 0x00007ffeeb269000 	C:\WINDOWS\SYSTEM32\WSOCK32.dll
0x00007ffeed010000 - 0x00007ffeed033000 	C:\WINDOWS\SYSTEM32\WINMM.dll
0x00007ffeecee0000 - 0x00007ffeecf0c000 	C:\WINDOWS\SYSTEM32\WINMMBASE.dll
0x00007ffee8b20000 - 0x00007ffee8b2f000 	D:\android\Android_Studio\jre\jre\bin\verify.dll
0x00007ffee59c0000 - 0x00007ffee59e9000 	D:\android\Android_Studio\jre\jre\bin\java.dll
0x00007ffee7880000 - 0x00007ffee7896000 	D:\android\Android_Studio\jre\jre\bin\zip.dll

VM Arguments:
jvm_args: -Djava.awt.headless=true -Xmx1024M -Dfile.encoding=GBK -Duser.country=CN -Duser.language=zh -Duser.variant 
java_command: com.android.dx.command.Main --dex --force-jumbo --num-threads=4 --multi-dex --output D:\android\studio_workspace\CJMobileStock\Android\SrcTag\AccountBook\app\build\intermediates\transforms\dex\debug\folders\1000\10\instant-run_a5eb2b987a95ea38c927f98cc9f2985c9982f56e D:\android\studio_workspace\CJMobileStock\Android\SrcTag\AccountBook\app\build\intermediates\incremental-runtime-classes\debug\instant-run.jar
java_class_path (initial): D:\android\Android_sdk_studio\build-tools\23.0.1\lib\dx.jar
Launcher Type: SUN_STANDARD

Environment Variables:
JAVA_HOME=D:\java7_new\jdk1.7.0_79
CLASSPATH=.;D:\java7_new\jdk1.7.0_79lib;D:\java7_new\jdk1.7.0_79lib\tools.jar
PATH=C:\WINDOWS\system32;C:\WINDOWS;C:\WINDOWS\System32\Wbem;C:\WINDOWS\System32\WindowsPowerShell\v1.0\;D:\java7_new\jdk1.7.0_79\bin;D:\android\Android_sdk_studio\platform-tools;D:\TortoiseSVN\bin;D:\android\gradle-2.10\gradle-2.10\bin;C:\Users\xwangly\AppData\Local\GitHub\PortableGit_c7e0cbde92ba565cb218a521411d0e854079a28c\mingw32\bin;C:\Program Files (x86)\GtkSharp\2.12\bin;D:\nodejs\;C:\Users\xwangly\AppData\Roaming\npm
USERNAME=xwangly
OS=Windows_NT
PROCESSOR_IDENTIFIER=Intel64 Family 6 Model 58 Stepping 9, GenuineIntel



---------------  S Y S T E M  ---------------

OS: Windows 10.0 , 64 bit Build 10586 (10.0.10586.589)

CPU:total 4 (2 cores per cpu, 2 threads per core) family 6 model 58 stepping 9, cmov, cx8, fxsr, mmx, sse, sse2, sse3, ssse3, sse4.1, sse4.2, popcnt, avx, aes, clmul, erms, ht, tsc, tscinvbit, tscinv

Memory: 4k page, physical 8078980k(1250216k free), swap 18511184k(206332k free)

vm_info: OpenJDK 64-Bit Server VM (25.76-b03) for windows-amd64 JRE (1.8.0_76-release-b03), built on Jun 29 2016 19:09:20 by "ralucas" with MS VC++ 10.0 (VS2010)

time: Thu Feb 09 15:34:41 2017
elapsed time: 3 seconds (0d 0h 0m 3s)

